Using pre-set license
Built from '2020.3/staging' branch; Version is '2020.3.25f1 (9b9180224418) revision 10195328'; Using compiler version '192528614'; Build Type 'Release'
OS: 'Windows 11  (10.0.22000) 64bit Core' Language: 'en' Physical Memory: 16303 MB
BatchMode: 1, IsHumanControllingUs: 0, StartBugReporterOnCrash: 0, Is64bit: 1, IsPro: 0

COMMAND LINE ARGUMENTS:
D:\unity\2020.3.25f1\Editor\Unity.exe
-adb2
-batchMode
-noUpm
-name
AssetImportWorker0
-projectPath
D:/documents/AYMVR
-logFile
Logs/AssetImportWorker0.log
-srvPort
51338
Successfully changed project path to: D:/documents/AYMVR
D:/documents/AYMVR
Using Asset Import Pipeline V2.
Refreshing native plugins compatible for Editor in 235.34 ms, found 13 plugins.
Preloading 1 native plugins for Editor in 1.39 ms.
Initialize engine version: 2020.3.25f1 (9b9180224418)
[Subsystems] Discovering subsystems at path D:/unity/2020.3.25f1/Editor/Data/Resources/UnitySubsystems
[Subsystems] Discovering subsystems at path D:/documents/AYMVR/Assets
GfxDevice: creating device client; threaded=0
Direct3D:
    Version:  Direct3D 11.0 [level 11.1]
    Renderer: NVIDIA GeForce RTX 2060 (ID=0x1f11)
    Vendor:   
    VRAM:     5980 MB
    Driver:   30.0.15.1165
Shader 'Oculus/OVRMRCameraFrameLit': fallback shader 'Alpha-Diffuse' not found
Initialize mono
Mono path[0] = 'D:/unity/2020.3.25f1/Editor/Data/Managed'
Mono path[1] = 'D:/unity/2020.3.25f1/Editor/Data/MonoBleedingEdge/lib/mono/unityjit'
Mono config path = 'D:/unity/2020.3.25f1/Editor/Data/MonoBleedingEdge/etc'
Using monoOptions --debugger-agent=transport=dt_socket,embedding=1,server=y,suspend=n,address=127.0.0.1:56584
Begin MonoManager ReloadAssembly
Registering precompiled unity dll's ...
Register platform support module: D:/unity/2020.3.25f1/Editor/Data/PlaybackEngines/WindowsStandaloneSupport/UnityEditor.WindowsStandalone.Extensions.dll
Registered in 0.004544 seconds.
Native extension for WindowsStandalone target not found
Refreshing native plugins compatible for Editor in 184.09 ms, found 13 plugins.
Preloading 1 native plugins for Editor in 0.15 ms.
Mono: successfully reloaded assembly
- Completed reload, in  1.136 seconds
Domain Reload Profiling:
	ReloadAssembly (1137ms)
		BeginReloadAssembly (86ms)
			ExecutionOrderSort (0ms)
			DisableScriptedObjects (0ms)
			BackupInstance (0ms)
			ReleaseScriptingObjects (0ms)
			CreateAndSetChildDomain (1ms)
		EndReloadAssembly (906ms)
			LoadAssemblies (80ms)
			RebuildTransferFunctionScriptingTraits (0ms)
			SetupTypeCache (262ms)
			ReleaseScriptCaches (0ms)
			RebuildScriptCaches (41ms)
			SetupLoadedEditorAssemblies (385ms)
				LogAssemblyErrors (0ms)
				InitializePlatformSupportModulesInManaged (6ms)
				SetLoadedEditorAssemblies (0ms)
				RefreshPlugins (184ms)
				BeforeProcessingInitializeOnLoad (20ms)
				ProcessInitializeOnLoadAttributes (129ms)
				ProcessInitializeOnLoadMethodAttributes (44ms)
				AfterProcessingInitializeOnLoad (0ms)
				EditorAssembliesLoaded (0ms)
			ExecutionOrderSort2 (0ms)
			AwakeInstancesAfterBackupRestoration (0ms)
Platform modules already initialized, skipping
Registering precompiled user dll's ...
Registered in 0.028384 seconds.
Begin MonoManager ReloadAssembly
Native extension for WindowsStandalone target not found
Refreshing native plugins compatible for Editor in 194.24 ms, found 13 plugins.
Preloading 1 native plugins for Editor in 0.22 ms.
Added DLL directory D:\documents\AYMVR\Library\PackageCache\com.microsoft.mixedreality.input@6ba73feb8bf6-1643300484524\Plugins\Windows\x64 to the user search path.
UnityEngine.StackTraceUtility:ExtractStackTrace ()
UnityEngine.DebugLogHandler:LogFormat (UnityEngine.LogType,UnityEngine.Object,string,object[])
UnityEngine.Logger:Log (UnityEngine.LogType,object)
UnityEngine.Debug:Log (object)
Microsoft.MixedReality.Input.Init:.cctor () (at D:/documents/AYM/AYM/Library/PackageCache/com.microsoft.mixedreality.input@e46b77e60ba2-1643300484524/Editor/Microsoft.MixedReality.Input.Init.cs:88)
System.Runtime.CompilerServices.RuntimeHelpers:RunClassConstructor (System.RuntimeTypeHandle)
UnityEditor.EditorAssemblies:ProcessInitializeOnLoadAttributes (System.Type[])

(Filename: D:/documents/AYM/AYM/Library/PackageCache/com.microsoft.mixedreality.input@e46b77e60ba2-1643300484524/Editor/Microsoft.MixedReality.Input.Init.cs Line: 88)

[XR] OculusXRPlugin: registering subsystems
[XR] Unable to register display lifecyle provider: [1]
[XR] Oculus Input lifecycle provider registered.
[XR] Unable to register input lifecyle provider: [1]
[XR] OVRP version 1.67.0
[XR] Error loading subsystem: Display (1) (header mismatch?)
[XR] [MROpenXR][Info   ][22:18:49.324672][tid:46d4] MeshProvider_RegisterLifecycleProvider
[XR] [MROpenXR][Info   ][22:18:49.324799][tid:46d4] InputProvider_RegisterLifeCycleProvider
[XR] [MROpenXR][Info   ][22:18:49.325741][tid:46d4] MicrosoftOpenXRPlugin_SetPluginEnvironment unityVersion=2020.3.25f1
[XR] [MROpenXR][Info   ][22:18:49.326493][tid:46d4] MicrosoftOpenXRPlugin_SetPluginEnvironment openXRPluginVersion=1.3.1
[XR] [MROpenXR][Info   ][22:18:49.326567][tid:46d4] MicrosoftOpenXRPlugin_SetPluginEnvironment mrOpenXRPluginVersion=1.2.1.0
[XR] [MROpenXR][Info   ][22:18:49.326661][tid:46d4] OnPluginStarted UnityVersion=2020.3.25f1 OpenXRPluginVersion=1.3.1 MROpenXRPluginVersion=1.2.1.0 PartA_PrivTags=33554432
Mono: successfully reloaded assembly
- Completed reload, in  6.130 seconds
Domain Reload Profiling:
	ReloadAssembly (6132ms)
		BeginReloadAssembly (234ms)
			ExecutionOrderSort (0ms)
			DisableScriptedObjects (6ms)
			BackupInstance (0ms)
			ReleaseScriptingObjects (0ms)
			CreateAndSetChildDomain (31ms)
		EndReloadAssembly (5775ms)
			LoadAssemblies (219ms)
			RebuildTransferFunctionScriptingTraits (0ms)
			SetupTypeCache (612ms)
			ReleaseScriptCaches (1ms)
			RebuildScriptCaches (149ms)
			SetupLoadedEditorAssemblies (4548ms)
				LogAssemblyErrors (0ms)
				InitializePlatformSupportModulesInManaged (7ms)
				SetLoadedEditorAssemblies (0ms)
				RefreshPlugins (195ms)
				BeforeProcessingInitializeOnLoad (329ms)
				ProcessInitializeOnLoadAttributes (2825ms)
				ProcessInitializeOnLoadMethodAttributes (1175ms)
				AfterProcessingInitializeOnLoad (16ms)
				EditorAssembliesLoaded (0ms)
			ExecutionOrderSort2 (0ms)
			AwakeInstancesAfterBackupRestoration (11ms)
Platform modules already initialized, skipping
========================================================================
Worker process is ready to serve import requests
Shader 'Oculus/OVRMRCameraFrameLit': fallback shader 'Alpha-Diffuse' not found
Launched and connected shader compiler UnityShaderCompiler.exe after 0.08 seconds
Refreshing native plugins compatible for Editor in 1.88 ms, found 13 plugins.
Preloading 1 native plugins for Editor in 0.29 ms.
Unloading 5769 Unused Serialized files (Serialized files now loaded: 0)
System memory in use before: 262.7 MB.
System memory in use after: 260.7 MB.

Unloading 1131 unused Assets to reduce memory usage. Loaded Objects now: 6022.
Total: 8.097400 ms (FindLiveObjects: 0.621000 ms CreateObjectMapping: 0.494000 ms MarkObjects: 5.306500 ms  DeleteObjects: 1.674200 ms)

AssetImportParameters requested are different than current active one (requested -> active):
  custom:framework-win-MediaFoundation: 216162199b28c13a410421893ffa2e32 -> 
  custom:video-decoder-ogg-theora: a1e56fd34408186e4bbccfd4996cb3dc -> 
  custom:container-muxer-webm: aa71ff27fc2769a1b78a27578f13a17b -> 
  custom:container-demuxer-webm: 4f35f7cbe854078d1ac9338744f61a02 -> 
  custom:container-demuxer-ogg: 62fdf1f143b41e24485cea50d1cbac27 -> 
  custom:video-encoder-webm-vp8: eb34c28f22e8b96e1ab97ce403110664 -> 
  custom:video-codec-MediaFoundation-h265: 746d11721c4dcdbdad8f713fa42b33f4 -> 
  custom:video-decoder-webm-vp8: 9c59270c3fd7afecdb556c50c9e8de78 -> 
  custom:audio-decoder-ogg-vorbis: bf7c407c2cedff20999df2af8eb42d56 -> 
  custom:audio-encoder-webm-vorbis: bf7c407c2cedff20999df2af8eb42d56 -> 
========================================================================
Received Import Request.
  path: Assets/Scripts/EmailFactory.cs
  artifactKey: Guid(babeb1d011252694cabcfc1fd22929a3) Importer(815301076,1909f56bfc062723c751e8b465ee728b)
Start importing Assets/Scripts/EmailFactory.cs using Guid(babeb1d011252694cabcfc1fd22929a3) Importer(815301076,1909f56bfc062723c751e8b465ee728b)  -> (artifact id: 'e8f87470481c1f5dcf2f6190f0095f34') in 0.109915 seconds 
  Import took 0.120507 seconds .

========================================================================
Received Prepare
Shader 'Oculus/OVRMRCameraFrameLit': fallback shader 'Alpha-Diffuse' not found
Refreshing native plugins compatible for Editor in 41.54 ms, found 13 plugins.
Preloading 1 native plugins for Editor in 0.18 ms.
Unloading 54 Unused Serialized files (Serialized files now loaded: 0)
System memory in use before: 132.3 MB.
System memory in use after: 132.8 MB.

Unloading 54 unused Assets to reduce memory usage. Loaded Objects now: 6022.
Total: 9.923500 ms (FindLiveObjects: 0.565300 ms CreateObjectMapping: 0.498300 ms MarkObjects: 8.803900 ms  DeleteObjects: 0.053900 ms)

AssetImportParameters requested are different than current active one (requested -> active):
  custom:framework-win-MediaFoundation: 216162199b28c13a410421893ffa2e32 -> 
  custom:video-decoder-ogg-theora: a1e56fd34408186e4bbccfd4996cb3dc -> 
  custom:container-muxer-webm: aa71ff27fc2769a1b78a27578f13a17b -> 
  custom:container-demuxer-webm: 4f35f7cbe854078d1ac9338744f61a02 -> 
  custom:container-demuxer-ogg: 62fdf1f143b41e24485cea50d1cbac27 -> 
  custom:video-encoder-webm-vp8: eb34c28f22e8b96e1ab97ce403110664 -> 
  custom:video-codec-MediaFoundation-h265: 746d11721c4dcdbdad8f713fa42b33f4 -> 
  custom:video-decoder-webm-vp8: 9c59270c3fd7afecdb556c50c9e8de78 -> 
  custom:audio-decoder-ogg-vorbis: bf7c407c2cedff20999df2af8eb42d56 -> 
  custom:audio-encoder-webm-vorbis: bf7c407c2cedff20999df2af8eb42d56 -> 
========================================================================
Received Prepare
Registering precompiled user dll's ...
Registered in 3.457963 seconds.
Begin MonoManager ReloadAssembly
Native extension for WindowsStandalone target not found
Refreshing native plugins compatible for Editor in 2.15 ms, found 13 plugins.
Preloading 1 native plugins for Editor in 0.18 ms.
Added DLL directory D:\documents\AYMVR\Library\PackageCache\com.microsoft.mixedreality.input@6ba73feb8bf6-1643300484524\Plugins\Windows\x64 to the user search path.
UnityEngine.StackTraceUtility:ExtractStackTrace ()
UnityEngine.DebugLogHandler:LogFormat (UnityEngine.LogType,UnityEngine.Object,string,object[])
UnityEngine.Logger:Log (UnityEngine.LogType,object)
UnityEngine.Debug:Log (object)
Microsoft.MixedReality.Input.Init:.cctor () (at D:/documents/AYM/AYM/Library/PackageCache/com.microsoft.mixedreality.input@e46b77e60ba2-1643300484524/Editor/Microsoft.MixedReality.Input.Init.cs:88)
System.Runtime.CompilerServices.RuntimeHelpers:RunClassConstructor (System.RuntimeTypeHandle)
UnityEditor.EditorAssemblies:ProcessInitializeOnLoadAttributes (System.Type[])

(Filename: D:/documents/AYM/AYM/Library/PackageCache/com.microsoft.mixedreality.input@e46b77e60ba2-1643300484524/Editor/Microsoft.MixedReality.Input.Init.cs Line: 88)

Error when attempting to update scene info fields. Scene info data may be stale.
UnityEngine.StackTraceUtility:ExtractStackTrace ()
UnityEngine.DebugLogHandler:LogFormat (UnityEngine.LogType,UnityEngine.Object,string,object[])
UnityEngine.Logger:Log (UnityEngine.LogType,object)
UnityEngine.Debug:LogWarning (object)
Microsoft.MixedReality.Toolkit.Editor.SceneInfoUtils:RefreshSceneInfoFieldsInScriptableObjects () (at D:/documents/AYM/AYM/Library/PackageCache/com.microsoft.mixedreality.toolkit.foundation@f884801a1c24-1643300487971/Core/Inspectors/PropertyDrawers/SceneInfoUtils.cs:313)
Microsoft.MixedReality.Toolkit.Editor.SceneInfoUtils:InitializeOnLoad () (at D:/documents/AYM/AYM/Library/PackageCache/com.microsoft.mixedreality.toolkit.foundation@f884801a1c24-1643300487971/Core/Inspectors/PropertyDrawers/SceneInfoUtils.cs:231)
System.Reflection.MonoMethod:Invoke (object,System.Reflection.BindingFlags,System.Reflection.Binder,object[],System.Globalization.CultureInfo)
System.Reflection.MethodBase:Invoke (object,object[])
UnityEditor.EditorAssemblies:ProcessInitializeOnLoadMethodAttributes ()

(Filename: D:/documents/AYM/AYM/Library/PackageCache/com.microsoft.mixedreality.toolkit.foundation@f884801a1c24-1643300487971/Core/Inspectors/PropertyDrawers/SceneInfoUtils.cs Line: 313)

[XR] [MROpenXR][Info   ][23:13:20.701929][tid:46d4] MicrosoftOpenXRPlugin_SetPluginEnvironment unityVersion=2020.3.25f1
[XR] [MROpenXR][Info   ][23:13:20.702736][tid:46d4] MicrosoftOpenXRPlugin_SetPluginEnvironment openXRPluginVersion=1.3.1
[XR] [MROpenXR][Info   ][23:13:20.702813][tid:46d4] MicrosoftOpenXRPlugin_SetPluginEnvironment mrOpenXRPluginVersion=1.2.1.0
[XR] [MROpenXR][Info   ][23:13:20.702899][tid:46d4] OnPluginStarted UnityVersion=2020.3.25f1 OpenXRPluginVersion=1.3.1 MROpenXRPluginVersion=1.2.1.0 PartA_PrivTags=33554432
Mono: successfully reloaded assembly
- Completed reload, in  8.722 seconds
Domain Reload Profiling:
	ReloadAssembly (8724ms)
		BeginReloadAssembly (375ms)
			ExecutionOrderSort (0ms)
			DisableScriptedObjects (21ms)
			BackupInstance (0ms)
			ReleaseScriptingObjects (1ms)
			CreateAndSetChildDomain (167ms)
		EndReloadAssembly (8222ms)
			LoadAssemblies (247ms)
			RebuildTransferFunctionScriptingTraits (0ms)
			SetupTypeCache (585ms)
			ReleaseScriptCaches (2ms)
			RebuildScriptCaches (88ms)
			SetupLoadedEditorAssemblies (5803ms)
				LogAssemblyErrors (0ms)
				InitializePlatformSupportModulesInManaged (5ms)
				SetLoadedEditorAssemblies (1ms)
				RefreshPlugins (2ms)
				BeforeProcessingInitializeOnLoad (222ms)
				ProcessInitializeOnLoadAttributes (1847ms)
				ProcessInitializeOnLoadMethodAttributes (3708ms)
				AfterProcessingInitializeOnLoad (16ms)
				EditorAssembliesLoaded (0ms)
			ExecutionOrderSort2 (0ms)
			AwakeInstancesAfterBackupRestoration (19ms)
Platform modules already initialized, skipping
Switching build target platform(19) subTarget(0) extendedPlatform(0) -> platform(13) subTarget(524288) extendedPlatform(0)
Shader 'Oculus/OVRMRCameraFrameLit': fallback shader 'Alpha-Diffuse' not found
Refreshing native plugins compatible for Editor in 1.65 ms, found 13 plugins.
Preloading 1 native plugins for Editor in 0.17 ms.
Unloading 5472 Unused Serialized files (Serialized files now loaded: 0)
System memory in use before: 234.2 MB.
System memory in use after: 234.3 MB.

Unloading 359 unused Assets to reduce memory usage. Loaded Objects now: 6025.
Total: 6.867000 ms (FindLiveObjects: 0.839400 ms CreateObjectMapping: 0.581800 ms MarkObjects: 4.981100 ms  DeleteObjects: 0.463200 ms)

AssetImportParameters requested are different than current active one (requested -> active):
  custom:framework-win-MediaFoundation: 216162199b28c13a410421893ffa2e32 -> 
  custom:video-decoder-ogg-theora: a1e56fd34408186e4bbccfd4996cb3dc -> 
  custom:container-muxer-webm: aa71ff27fc2769a1b78a27578f13a17b -> 
  custom:container-demuxer-webm: 4f35f7cbe854078d1ac9338744f61a02 -> 
  custom:container-demuxer-ogg: 62fdf1f143b41e24485cea50d1cbac27 -> 
  custom:video-encoder-webm-vp8: eb34c28f22e8b96e1ab97ce403110664 -> 
  custom:video-codec-MediaFoundation-h265: 746d11721c4dcdbdad8f713fa42b33f4 -> 
  custom:video-decoder-webm-vp8: 9c59270c3fd7afecdb556c50c9e8de78 -> 
  custom:graphics/normal-map-encoding: 01000000000000000000000000000000 -> 02000000000000000000000000000000
  custom:audio-decoder-ogg-vorbis: bf7c407c2cedff20999df2af8eb42d56 -> 
  custom:audio-encoder-webm-vorbis: bf7c407c2cedff20999df2af8eb42d56 -> 
========================================================================
Received Prepare
Shader 'Oculus/OVRMRCameraFrameLit': fallback shader 'Alpha-Diffuse' not found
Refreshing native plugins compatible for Editor in 35.76 ms, found 13 plugins.
Preloading 1 native plugins for Editor in 0.12 ms.
Unloading 54 Unused Serialized files (Serialized files now loaded: 0)
System memory in use before: 118.0 MB.
System memory in use after: 118.4 MB.

Unloading 54 unused Assets to reduce memory usage. Loaded Objects now: 6025.
Total: 5.446700 ms (FindLiveObjects: 0.510300 ms CreateObjectMapping: 0.446400 ms MarkObjects: 4.453500 ms  DeleteObjects: 0.035100 ms)

AssetImportParameters requested are different than current active one (requested -> active):
  custom:framework-win-MediaFoundation: 216162199b28c13a410421893ffa2e32 -> 
  custom:video-decoder-ogg-theora: a1e56fd34408186e4bbccfd4996cb3dc -> 
  custom:container-muxer-webm: aa71ff27fc2769a1b78a27578f13a17b -> 
  custom:container-demuxer-webm: 4f35f7cbe854078d1ac9338744f61a02 -> 
  custom:container-demuxer-ogg: 62fdf1f143b41e24485cea50d1cbac27 -> 
  custom:video-encoder-webm-vp8: eb34c28f22e8b96e1ab97ce403110664 -> 
  custom:video-codec-MediaFoundation-h265: 746d11721c4dcdbdad8f713fa42b33f4 -> 
  custom:video-decoder-webm-vp8: 9c59270c3fd7afecdb556c50c9e8de78 -> 
  custom:audio-decoder-ogg-vorbis: bf7c407c2cedff20999df2af8eb42d56 -> 
  custom:audio-encoder-webm-vorbis: bf7c407c2cedff20999df2af8eb42d56 -> 
========================================================================
Received Prepare
Shader 'Oculus/OVRMRCameraFrameLit': fallback shader 'Alpha-Diffuse' not found
Refreshing native plugins compatible for Editor in 121.63 ms, found 13 plugins.
Preloading 1 native plugins for Editor in 0.13 ms.
Unloading 54 Unused Serialized files (Serialized files now loaded: 0)
System memory in use before: 118.0 MB.
System memory in use after: 118.4 MB.

Unloading 54 unused Assets to reduce memory usage. Loaded Objects now: 6025.
Total: 7.839900 ms (FindLiveObjects: 0.705900 ms CreateObjectMapping: 0.444700 ms MarkObjects: 6.635400 ms  DeleteObjects: 0.051900 ms)

AssetImportParameters requested are different than current active one (requested -> active):
  custom:framework-win-MediaFoundation: 216162199b28c13a410421893ffa2e32 -> 
  custom:video-decoder-ogg-theora: a1e56fd34408186e4bbccfd4996cb3dc -> 
  custom:container-muxer-webm: aa71ff27fc2769a1b78a27578f13a17b -> 
  custom:container-demuxer-webm: 4f35f7cbe854078d1ac9338744f61a02 -> 
  custom:container-demuxer-ogg: 62fdf1f143b41e24485cea50d1cbac27 -> 
  custom:video-encoder-webm-vp8: eb34c28f22e8b96e1ab97ce403110664 -> 
  custom:video-codec-MediaFoundation-h265: 746d11721c4dcdbdad8f713fa42b33f4 -> 
  custom:video-decoder-webm-vp8: 9c59270c3fd7afecdb556c50c9e8de78 -> 
  custom:audio-decoder-ogg-vorbis: bf7c407c2cedff20999df2af8eb42d56 -> 
  custom:audio-encoder-webm-vorbis: bf7c407c2cedff20999df2af8eb42d56 -> 
========================================================================
Received Prepare
Registering precompiled user dll's ...
Registered in 2.990506 seconds.
Begin MonoManager ReloadAssembly
Native extension for WindowsStandalone target not found
Refreshing native plugins compatible for Editor in 3.65 ms, found 13 plugins.
Preloading 1 native plugins for Editor in 0.32 ms.
Added DLL directory D:\documents\AYMVR\Library\PackageCache\com.microsoft.mixedreality.input@6ba73feb8bf6-1643300484524\Plugins\Windows\x64 to the user search path.
UnityEngine.StackTraceUtility:ExtractStackTrace ()
UnityEngine.DebugLogHandler:LogFormat (UnityEngine.LogType,UnityEngine.Object,string,object[])
UnityEngine.Logger:Log (UnityEngine.LogType,object)
UnityEngine.Debug:Log (object)
Microsoft.MixedReality.Input.Init:.cctor () (at D:/documents/AYM/AYM/Library/PackageCache/com.microsoft.mixedreality.input@e46b77e60ba2-1643300484524/Editor/Microsoft.MixedReality.Input.Init.cs:88)
System.Runtime.CompilerServices.RuntimeHelpers:RunClassConstructor (System.RuntimeTypeHandle)
UnityEditor.EditorAssemblies:ProcessInitializeOnLoadAttributes (System.Type[])

(Filename: D:/documents/AYM/AYM/Library/PackageCache/com.microsoft.mixedreality.input@e46b77e60ba2-1643300484524/Editor/Microsoft.MixedReality.Input.Init.cs Line: 88)

Error when attempting to update scene info fields. Scene info data may be stale.
UnityEngine.StackTraceUtility:ExtractStackTrace ()
UnityEngine.DebugLogHandler:LogFormat (UnityEngine.LogType,UnityEngine.Object,string,object[])
UnityEngine.Logger:Log (UnityEngine.LogType,object)
UnityEngine.Debug:LogWarning (object)
Microsoft.MixedReality.Toolkit.Editor.SceneInfoUtils:RefreshSceneInfoFieldsInScriptableObjects () (at D:/documents/AYM/AYM/Library/PackageCache/com.microsoft.mixedreality.toolkit.foundation@f884801a1c24-1643300487971/Core/Inspectors/PropertyDrawers/SceneInfoUtils.cs:313)
Microsoft.MixedReality.Toolkit.Editor.SceneInfoUtils:InitializeOnLoad () (at D:/documents/AYM/AYM/Library/PackageCache/com.microsoft.mixedreality.toolkit.foundation@f884801a1c24-1643300487971/Core/Inspectors/PropertyDrawers/SceneInfoUtils.cs:231)
System.Reflection.MonoMethod:Invoke (object,System.Reflection.BindingFlags,System.Reflection.Binder,object[],System.Globalization.CultureInfo)
System.Reflection.MethodBase:Invoke (object,object[])
UnityEditor.EditorAssemblies:ProcessInitializeOnLoadMethodAttributes ()

(Filename: D:/documents/AYM/AYM/Library/PackageCache/com.microsoft.mixedreality.toolkit.foundation@f884801a1c24-1643300487971/Core/Inspectors/PropertyDrawers/SceneInfoUtils.cs Line: 313)

[XR] [MROpenXR][Info   ][23:41:56.343211][tid:46d4] MicrosoftOpenXRPlugin_SetPluginEnvironment unityVersion=2020.3.25f1
[XR] [MROpenXR][Info   ][23:41:56.344271][tid:46d4] MicrosoftOpenXRPlugin_SetPluginEnvironment openXRPluginVersion=1.3.1
[XR] [MROpenXR][Info   ][23:41:56.344378][tid:46d4] MicrosoftOpenXRPlugin_SetPluginEnvironment mrOpenXRPluginVersion=1.2.1.0
[XR] [MROpenXR][Info   ][23:41:56.344497][tid:46d4] OnPluginStarted UnityVersion=2020.3.25f1 OpenXRPluginVersion=1.3.1 MROpenXRPluginVersion=1.2.1.0 PartA_PrivTags=33554432
Mono: successfully reloaded assembly
- Completed reload, in 11.618 seconds
Domain Reload Profiling:
	ReloadAssembly (11621ms)
		BeginReloadAssembly (721ms)
			ExecutionOrderSort (0ms)
			DisableScriptedObjects (23ms)
			BackupInstance (0ms)
			ReleaseScriptingObjects (0ms)
			CreateAndSetChildDomain (398ms)
		EndReloadAssembly (10698ms)
			LoadAssemblies (383ms)
			RebuildTransferFunctionScriptingTraits (0ms)
			SetupTypeCache (779ms)
			ReleaseScriptCaches (2ms)
			RebuildScriptCaches (123ms)
			SetupLoadedEditorAssemblies (8074ms)
				LogAssemblyErrors (0ms)
				InitializePlatformSupportModulesInManaged (17ms)
				SetLoadedEditorAssemblies (1ms)
				RefreshPlugins (4ms)
				BeforeProcessingInitializeOnLoad (351ms)
				ProcessInitializeOnLoadAttributes (2602ms)
				ProcessInitializeOnLoadMethodAttributes (5073ms)
				AfterProcessingInitializeOnLoad (25ms)
				EditorAssembliesLoaded (0ms)
			ExecutionOrderSort2 (0ms)
			AwakeInstancesAfterBackupRestoration (39ms)
Platform modules already initialized, skipping
Switching build target platform(19) subTarget(0) extendedPlatform(0) -> platform(13) subTarget(524288) extendedPlatform(0)
Shader 'Oculus/OVRMRCameraFrameLit': fallback shader 'Alpha-Diffuse' not found
Refreshing native plugins compatible for Editor in 2.02 ms, found 13 plugins.
Preloading 1 native plugins for Editor in 0.17 ms.
Unloading 5472 Unused Serialized files (Serialized files now loaded: 0)
System memory in use before: 234.3 MB.
System memory in use after: 234.4 MB.

Unloading 359 unused Assets to reduce memory usage. Loaded Objects now: 6028.
Total: 7.930000 ms (FindLiveObjects: 0.873000 ms CreateObjectMapping: 0.691800 ms MarkObjects: 5.878200 ms  DeleteObjects: 0.484700 ms)

AssetImportParameters requested are different than current active one (requested -> active):
  custom:framework-win-MediaFoundation: 216162199b28c13a410421893ffa2e32 -> 
  custom:video-decoder-ogg-theora: a1e56fd34408186e4bbccfd4996cb3dc -> 
  custom:container-muxer-webm: aa71ff27fc2769a1b78a27578f13a17b -> 
  custom:container-demuxer-webm: 4f35f7cbe854078d1ac9338744f61a02 -> 
  custom:container-demuxer-ogg: 62fdf1f143b41e24485cea50d1cbac27 -> 
  custom:video-encoder-webm-vp8: eb34c28f22e8b96e1ab97ce403110664 -> 
  custom:video-codec-MediaFoundation-h265: 746d11721c4dcdbdad8f713fa42b33f4 -> 
  custom:video-decoder-webm-vp8: 9c59270c3fd7afecdb556c50c9e8de78 -> 
  custom:graphics/normal-map-encoding: 01000000000000000000000000000000 -> 02000000000000000000000000000000
  custom:audio-decoder-ogg-vorbis: bf7c407c2cedff20999df2af8eb42d56 -> 
  custom:audio-encoder-webm-vorbis: bf7c407c2cedff20999df2af8eb42d56 -> 
========================================================================
Received Prepare
Registering precompiled user dll's ...
Registered in 0.032646 seconds.
Begin MonoManager ReloadAssembly
Native extension for WindowsStandalone target not found
Refreshing native plugins compatible for Editor in 2.04 ms, found 13 plugins.
Preloading 1 native plugins for Editor in 0.20 ms.
Added DLL directory D:\documents\AYMVR\Library\PackageCache\com.microsoft.mixedreality.input@6ba73feb8bf6-1643300484524\Plugins\Windows\x64 to the user search path.
UnityEngine.StackTraceUtility:ExtractStackTrace ()
UnityEngine.DebugLogHandler:LogFormat (UnityEngine.LogType,UnityEngine.Object,string,object[])
UnityEngine.Logger:Log (UnityEngine.LogType,object)
UnityEngine.Debug:Log (object)
Microsoft.MixedReality.Input.Init:.cctor () (at D:/documents/AYM/AYM/Library/PackageCache/com.microsoft.mixedreality.input@e46b77e60ba2-1643300484524/Editor/Microsoft.MixedReality.Input.Init.cs:88)
System.Runtime.CompilerServices.RuntimeHelpers:RunClassConstructor (System.RuntimeTypeHandle)
UnityEditor.EditorAssemblies:ProcessInitializeOnLoadAttributes (System.Type[])

(Filename: D:/documents/AYM/AYM/Library/PackageCache/com.microsoft.mixedreality.input@e46b77e60ba2-1643300484524/Editor/Microsoft.MixedReality.Input.Init.cs Line: 88)

Error when attempting to update scene info fields. Scene info data may be stale.
UnityEngine.StackTraceUtility:ExtractStackTrace ()
UnityEngine.DebugLogHandler:LogFormat (UnityEngine.LogType,UnityEngine.Object,string,object[])
UnityEngine.Logger:Log (UnityEngine.LogType,object)
UnityEngine.Debug:LogWarning (object)
Microsoft.MixedReality.Toolkit.Editor.SceneInfoUtils:RefreshSceneInfoFieldsInScriptableObjects () (at D:/documents/AYM/AYM/Library/PackageCache/com.microsoft.mixedreality.toolkit.foundation@f884801a1c24-1643300487971/Core/Inspectors/PropertyDrawers/SceneInfoUtils.cs:313)
Microsoft.MixedReality.Toolkit.Editor.SceneInfoUtils:InitializeOnLoad () (at D:/documents/AYM/AYM/Library/PackageCache/com.microsoft.mixedreality.toolkit.foundation@f884801a1c24-1643300487971/Core/Inspectors/PropertyDrawers/SceneInfoUtils.cs:231)
System.Reflection.MonoMethod:Invoke (object,System.Reflection.BindingFlags,System.Reflection.Binder,object[],System.Globalization.CultureInfo)
System.Reflection.MethodBase:Invoke (object,object[])
UnityEditor.EditorAssemblies:ProcessInitializeOnLoadMethodAttributes ()

(Filename: D:/documents/AYM/AYM/Library/PackageCache/com.microsoft.mixedreality.toolkit.foundation@f884801a1c24-1643300487971/Core/Inspectors/PropertyDrawers/SceneInfoUtils.cs Line: 313)

[XR] [MROpenXR][Info   ][23:46:08.345164][tid:46d4] MicrosoftOpenXRPlugin_SetPluginEnvironment unityVersion=2020.3.25f1
[XR] [MROpenXR][Info   ][23:46:08.345963][tid:46d4] MicrosoftOpenXRPlugin_SetPluginEnvironment openXRPluginVersion=1.3.1
[XR] [MROpenXR][Info   ][23:46:08.346054][tid:46d4] MicrosoftOpenXRPlugin_SetPluginEnvironment mrOpenXRPluginVersion=1.2.1.0
[XR] [MROpenXR][Info   ][23:46:08.346180][tid:46d4] OnPluginStarted UnityVersion=2020.3.25f1 OpenXRPluginVersion=1.3.1 MROpenXRPluginVersion=1.2.1.0 PartA_PrivTags=33554432
Mono: successfully reloaded assembly
- Completed reload, in  7.358 seconds
Domain Reload Profiling:
	ReloadAssembly (7359ms)
		BeginReloadAssembly (354ms)
			ExecutionOrderSort (0ms)
			DisableScriptedObjects (7ms)
			BackupInstance (0ms)
			ReleaseScriptingObjects (0ms)
			CreateAndSetChildDomain (130ms)
		EndReloadAssembly (6811ms)
			LoadAssemblies (429ms)
			RebuildTransferFunctionScriptingTraits (0ms)
			SetupTypeCache (1624ms)
			ReleaseScriptCaches (2ms)
			RebuildScriptCaches (82ms)
			SetupLoadedEditorAssemblies (4271ms)
				LogAssemblyErrors (0ms)
				InitializePlatformSupportModulesInManaged (5ms)
				SetLoadedEditorAssemblies (1ms)
				RefreshPlugins (2ms)
				BeforeProcessingInitializeOnLoad (351ms)
				ProcessInitializeOnLoadAttributes (2496ms)
				ProcessInitializeOnLoadMethodAttributes (1387ms)
				AfterProcessingInitializeOnLoad (27ms)
				EditorAssembliesLoaded (0ms)
			ExecutionOrderSort2 (0ms)
			AwakeInstancesAfterBackupRestoration (34ms)
Platform modules already initialized, skipping
Switching build target platform(19) subTarget(0) extendedPlatform(0) -> platform(13) subTarget(524288) extendedPlatform(0)
Shader 'Oculus/OVRMRCameraFrameLit': fallback shader 'Alpha-Diffuse' not found
Refreshing native plugins compatible for Editor in 2.04 ms, found 13 plugins.
Preloading 1 native plugins for Editor in 0.17 ms.
Unloading 5472 Unused Serialized files (Serialized files now loaded: 0)
System memory in use before: 234.4 MB.
System memory in use after: 234.5 MB.

Unloading 359 unused Assets to reduce memory usage. Loaded Objects now: 6031.
Total: 7.940200 ms (FindLiveObjects: 0.840600 ms CreateObjectMapping: 0.880100 ms MarkObjects: 5.806700 ms  DeleteObjects: 0.409900 ms)

AssetImportParameters requested are different than current active one (requested -> active):
  custom:framework-win-MediaFoundation: 216162199b28c13a410421893ffa2e32 -> 
  custom:video-decoder-ogg-theora: a1e56fd34408186e4bbccfd4996cb3dc -> 
  custom:container-muxer-webm: aa71ff27fc2769a1b78a27578f13a17b -> 
  custom:container-demuxer-webm: 4f35f7cbe854078d1ac9338744f61a02 -> 
  custom:container-demuxer-ogg: 62fdf1f143b41e24485cea50d1cbac27 -> 
  custom:video-encoder-webm-vp8: eb34c28f22e8b96e1ab97ce403110664 -> 
  custom:video-codec-MediaFoundation-h265: 746d11721c4dcdbdad8f713fa42b33f4 -> 
  custom:video-decoder-webm-vp8: 9c59270c3fd7afecdb556c50c9e8de78 -> 
  custom:graphics/normal-map-encoding: 01000000000000000000000000000000 -> 02000000000000000000000000000000
  custom:audio-decoder-ogg-vorbis: bf7c407c2cedff20999df2af8eb42d56 -> 
  custom:audio-encoder-webm-vorbis: bf7c407c2cedff20999df2af8eb42d56 -> 
========================================================================
Received Prepare
Registering precompiled user dll's ...
Registered in 0.028050 seconds.
Begin MonoManager ReloadAssembly
Native extension for WindowsStandalone target not found
Refreshing native plugins compatible for Editor in 2.29 ms, found 13 plugins.
Preloading 1 native plugins for Editor in 0.26 ms.
Added DLL directory D:\documents\AYMVR\Library\PackageCache\com.microsoft.mixedreality.input@6ba73feb8bf6-1643300484524\Plugins\Windows\x64 to the user search path.
UnityEngine.StackTraceUtility:ExtractStackTrace ()
UnityEngine.DebugLogHandler:LogFormat (UnityEngine.LogType,UnityEngine.Object,string,object[])
UnityEngine.Logger:Log (UnityEngine.LogType,object)
UnityEngine.Debug:Log (object)
Microsoft.MixedReality.Input.Init:.cctor () (at D:/documents/AYM/AYM/Library/PackageCache/com.microsoft.mixedreality.input@e46b77e60ba2-1643300484524/Editor/Microsoft.MixedReality.Input.Init.cs:88)
System.Runtime.CompilerServices.RuntimeHelpers:RunClassConstructor (System.RuntimeTypeHandle)
UnityEditor.EditorAssemblies:ProcessInitializeOnLoadAttributes (System.Type[])

(Filename: D:/documents/AYM/AYM/Library/PackageCache/com.microsoft.mixedreality.input@e46b77e60ba2-1643300484524/Editor/Microsoft.MixedReality.Input.Init.cs Line: 88)

Error when attempting to update scene info fields. Scene info data may be stale.
UnityEngine.StackTraceUtility:ExtractStackTrace ()
UnityEngine.DebugLogHandler:LogFormat (UnityEngine.LogType,UnityEngine.Object,string,object[])
UnityEngine.Logger:Log (UnityEngine.LogType,object)
UnityEngine.Debug:LogWarning (object)
Microsoft.MixedReality.Toolkit.Editor.SceneInfoUtils:RefreshSceneInfoFieldsInScriptableObjects () (at D:/documents/AYM/AYM/Library/PackageCache/com.microsoft.mixedreality.toolkit.foundation@f884801a1c24-1643300487971/Core/Inspectors/PropertyDrawers/SceneInfoUtils.cs:313)
Microsoft.MixedReality.Toolkit.Editor.SceneInfoUtils:InitializeOnLoad () (at D:/documents/AYM/AYM/Library/PackageCache/com.microsoft.mixedreality.toolkit.foundation@f884801a1c24-1643300487971/Core/Inspectors/PropertyDrawers/SceneInfoUtils.cs:231)
System.Reflection.MonoMethod:Invoke (object,System.Reflection.BindingFlags,System.Reflection.Binder,object[],System.Globalization.CultureInfo)
System.Reflection.MethodBase:Invoke (object,object[])
UnityEditor.EditorAssemblies:ProcessInitializeOnLoadMethodAttributes ()

(Filename: D:/documents/AYM/AYM/Library/PackageCache/com.microsoft.mixedreality.toolkit.foundation@f884801a1c24-1643300487971/Core/Inspectors/PropertyDrawers/SceneInfoUtils.cs Line: 313)

[XR] [MROpenXR][Info   ][23:49:51.470867][tid:46d4] MicrosoftOpenXRPlugin_SetPluginEnvironment unityVersion=2020.3.25f1
[XR] [MROpenXR][Info   ][23:49:51.472070][tid:46d4] MicrosoftOpenXRPlugin_SetPluginEnvironment openXRPluginVersion=1.3.1
[XR] [MROpenXR][Info   ][23:49:51.472227][tid:46d4] MicrosoftOpenXRPlugin_SetPluginEnvironment mrOpenXRPluginVersion=1.2.1.0
[XR] [MROpenXR][Info   ][23:49:51.472403][tid:46d4] OnPluginStarted UnityVersion=2020.3.25f1 OpenXRPluginVersion=1.3.1 MROpenXRPluginVersion=1.2.1.0 PartA_PrivTags=33554432
Mono: successfully reloaded assembly
- Completed reload, in  7.687 seconds
Domain Reload Profiling:
	ReloadAssembly (7687ms)
		BeginReloadAssembly (262ms)
			ExecutionOrderSort (0ms)
			DisableScriptedObjects (11ms)
			BackupInstance (0ms)
			ReleaseScriptingObjects (0ms)
			CreateAndSetChildDomain (79ms)
		EndReloadAssembly (7257ms)
			LoadAssemblies (363ms)
			RebuildTransferFunctionScriptingTraits (0ms)
			SetupTypeCache (764ms)
			ReleaseScriptCaches (2ms)
			RebuildScriptCaches (118ms)
			SetupLoadedEditorAssemblies (5531ms)
				LogAssemblyErrors (0ms)
				InitializePlatformSupportModulesInManaged (6ms)
				SetLoadedEditorAssemblies (1ms)
				RefreshPlugins (3ms)
				BeforeProcessingInitializeOnLoad (337ms)
				ProcessInitializeOnLoadAttributes (2882ms)
				ProcessInitializeOnLoadMethodAttributes (2275ms)
				AfterProcessingInitializeOnLoad (27ms)
				EditorAssembliesLoaded (1ms)
			ExecutionOrderSort2 (0ms)
			AwakeInstancesAfterBackupRestoration (34ms)
Platform modules already initialized, skipping
Switching build target platform(19) subTarget(0) extendedPlatform(0) -> platform(13) subTarget(524288) extendedPlatform(0)
Shader 'Oculus/OVRMRCameraFrameLit': fallback shader 'Alpha-Diffuse' not found
Refreshing native plugins compatible for Editor in 3.66 ms, found 13 plugins.
Preloading 1 native plugins for Editor in 0.27 ms.
Unloading 5472 Unused Serialized files (Serialized files now loaded: 0)
System memory in use before: 234.4 MB.
System memory in use after: 234.5 MB.

Unloading 359 unused Assets to reduce memory usage. Loaded Objects now: 6034.
Total: 7.894200 ms (FindLiveObjects: 1.096500 ms CreateObjectMapping: 0.736200 ms MarkObjects: 5.597000 ms  DeleteObjects: 0.461200 ms)

AssetImportParameters requested are different than current active one (requested -> active):
  custom:framework-win-MediaFoundation: 216162199b28c13a410421893ffa2e32 -> 
  custom:video-decoder-ogg-theora: a1e56fd34408186e4bbccfd4996cb3dc -> 
  custom:container-muxer-webm: aa71ff27fc2769a1b78a27578f13a17b -> 
  custom:container-demuxer-webm: 4f35f7cbe854078d1ac9338744f61a02 -> 
  custom:container-demuxer-ogg: 62fdf1f143b41e24485cea50d1cbac27 -> 
  custom:video-encoder-webm-vp8: eb34c28f22e8b96e1ab97ce403110664 -> 
  custom:video-codec-MediaFoundation-h265: 746d11721c4dcdbdad8f713fa42b33f4 -> 
  custom:video-decoder-webm-vp8: 9c59270c3fd7afecdb556c50c9e8de78 -> 
  custom:graphics/normal-map-encoding: 01000000000000000000000000000000 -> 02000000000000000000000000000000
  custom:audio-decoder-ogg-vorbis: bf7c407c2cedff20999df2af8eb42d56 -> 
  custom:audio-encoder-webm-vorbis: bf7c407c2cedff20999df2af8eb42d56 -> 
========================================================================
Received Prepare
Shader 'Oculus/OVRMRCameraFrameLit': fallback shader 'Alpha-Diffuse' not found
Refreshing native plugins compatible for Editor in 44.66 ms, found 13 plugins.
Preloading 1 native plugins for Editor in 0.14 ms.
Unloading 54 Unused Serialized files (Serialized files now loaded: 0)
System memory in use before: 118.2 MB.
System memory in use after: 118.7 MB.

Unloading 54 unused Assets to reduce memory usage. Loaded Objects now: 6034.
Total: 7.572300 ms (FindLiveObjects: 0.738700 ms CreateObjectMapping: 0.479700 ms MarkObjects: 6.306100 ms  DeleteObjects: 0.046200 ms)

AssetImportParameters requested are different than current active one (requested -> active):
  custom:framework-win-MediaFoundation: 216162199b28c13a410421893ffa2e32 -> 
  custom:video-decoder-ogg-theora: a1e56fd34408186e4bbccfd4996cb3dc -> 
  custom:container-muxer-webm: aa71ff27fc2769a1b78a27578f13a17b -> 
  custom:container-demuxer-webm: 4f35f7cbe854078d1ac9338744f61a02 -> 
  custom:container-demuxer-ogg: 62fdf1f143b41e24485cea50d1cbac27 -> 
  custom:video-encoder-webm-vp8: eb34c28f22e8b96e1ab97ce403110664 -> 
  custom:video-codec-MediaFoundation-h265: 746d11721c4dcdbdad8f713fa42b33f4 -> 
  custom:video-decoder-webm-vp8: 9c59270c3fd7afecdb556c50c9e8de78 -> 
  custom:audio-decoder-ogg-vorbis: bf7c407c2cedff20999df2af8eb42d56 -> 
  custom:audio-encoder-webm-vorbis: bf7c407c2cedff20999df2af8eb42d56 -> 
========================================================================
Received Prepare
Registering precompiled user dll's ...
Registered in 3.018214 seconds.
Begin MonoManager ReloadAssembly
Native extension for WindowsStandalone target not found
Refreshing native plugins compatible for Editor in 2.88 ms, found 13 plugins.
Preloading 1 native plugins for Editor in 0.22 ms.
Added DLL directory D:\documents\AYMVR\Library\PackageCache\com.microsoft.mixedreality.input@6ba73feb8bf6-1643300484524\Plugins\Windows\x64 to the user search path.
UnityEngine.StackTraceUtility:ExtractStackTrace ()
UnityEngine.DebugLogHandler:LogFormat (UnityEngine.LogType,UnityEngine.Object,string,object[])
UnityEngine.Logger:Log (UnityEngine.LogType,object)
UnityEngine.Debug:Log (object)
Microsoft.MixedReality.Input.Init:.cctor () (at D:/documents/AYM/AYM/Library/PackageCache/com.microsoft.mixedreality.input@e46b77e60ba2-1643300484524/Editor/Microsoft.MixedReality.Input.Init.cs:88)
System.Runtime.CompilerServices.RuntimeHelpers:RunClassConstructor (System.RuntimeTypeHandle)
UnityEditor.EditorAssemblies:ProcessInitializeOnLoadAttributes (System.Type[])

(Filename: D:/documents/AYM/AYM/Library/PackageCache/com.microsoft.mixedreality.input@e46b77e60ba2-1643300484524/Editor/Microsoft.MixedReality.Input.Init.cs Line: 88)

Error when attempting to update scene info fields. Scene info data may be stale.
UnityEngine.StackTraceUtility:ExtractStackTrace ()
UnityEngine.DebugLogHandler:LogFormat (UnityEngine.LogType,UnityEngine.Object,string,object[])
UnityEngine.Logger:Log (UnityEngine.LogType,object)
UnityEngine.Debug:LogWarning (object)
Microsoft.MixedReality.Toolkit.Editor.SceneInfoUtils:RefreshSceneInfoFieldsInScriptableObjects () (at D:/documents/AYM/AYM/Library/PackageCache/com.microsoft.mixedreality.toolkit.foundation@f884801a1c24-1643300487971/Core/Inspectors/PropertyDrawers/SceneInfoUtils.cs:313)
Microsoft.MixedReality.Toolkit.Editor.SceneInfoUtils:InitializeOnLoad () (at D:/documents/AYM/AYM/Library/PackageCache/com.microsoft.mixedreality.toolkit.foundation@f884801a1c24-1643300487971/Core/Inspectors/PropertyDrawers/SceneInfoUtils.cs:231)
System.Reflection.MonoMethod:Invoke (object,System.Reflection.BindingFlags,System.Reflection.Binder,object[],System.Globalization.CultureInfo)
System.Reflection.MethodBase:Invoke (object,object[])
UnityEditor.EditorAssemblies:ProcessInitializeOnLoadMethodAttributes ()

(Filename: D:/documents/AYM/AYM/Library/PackageCache/com.microsoft.mixedreality.toolkit.foundation@f884801a1c24-1643300487971/Core/Inspectors/PropertyDrawers/SceneInfoUtils.cs Line: 313)

[XR] [MROpenXR][Info   ][00:17:23.674808][tid:46d4] MicrosoftOpenXRPlugin_SetPluginEnvironment unityVersion=2020.3.25f1
[XR] [MROpenXR][Info   ][00:17:23.675820][tid:46d4] MicrosoftOpenXRPlugin_SetPluginEnvironment openXRPluginVersion=1.3.1
[XR] [MROpenXR][Info   ][00:17:23.675940][tid:46d4] MicrosoftOpenXRPlugin_SetPluginEnvironment mrOpenXRPluginVersion=1.2.1.0
[XR] [MROpenXR][Info   ][00:17:23.676079][tid:46d4] OnPluginStarted UnityVersion=2020.3.25f1 OpenXRPluginVersion=1.3.1 MROpenXRPluginVersion=1.2.1.0 PartA_PrivTags=33554432
Mono: successfully reloaded assembly
- Completed reload, in  9.889 seconds
Domain Reload Profiling:
	ReloadAssembly (9890ms)
		BeginReloadAssembly (472ms)
			ExecutionOrderSort (0ms)
			DisableScriptedObjects (8ms)
			BackupInstance (0ms)
			ReleaseScriptingObjects (0ms)
			CreateAndSetChildDomain (311ms)
		EndReloadAssembly (9298ms)
			LoadAssemblies (243ms)
			RebuildTransferFunctionScriptingTraits (0ms)
			SetupTypeCache (487ms)
			ReleaseScriptCaches (2ms)
			RebuildScriptCaches (93ms)
			SetupLoadedEditorAssemblies (7189ms)
				LogAssemblyErrors (0ms)
				InitializePlatformSupportModulesInManaged (7ms)
				SetLoadedEditorAssemblies (1ms)
				RefreshPlugins (3ms)
				BeforeProcessingInitializeOnLoad (256ms)
				ProcessInitializeOnLoadAttributes (2008ms)
				ProcessInitializeOnLoadMethodAttributes (4893ms)
				AfterProcessingInitializeOnLoad (20ms)
				EditorAssembliesLoaded (0ms)
			ExecutionOrderSort2 (0ms)
			AwakeInstancesAfterBackupRestoration (24ms)
Platform modules already initialized, skipping
Switching build target platform(19) subTarget(0) extendedPlatform(0) -> platform(13) subTarget(524288) extendedPlatform(0)
Shader 'Oculus/OVRMRCameraFrameLit': fallback shader 'Alpha-Diffuse' not found
Refreshing native plugins compatible for Editor in 1.70 ms, found 13 plugins.
Preloading 1 native plugins for Editor in 0.15 ms.
Unloading 5472 Unused Serialized files (Serialized files now loaded: 0)
System memory in use before: 234.3 MB.
System memory in use after: 234.4 MB.

Unloading 359 unused Assets to reduce memory usage. Loaded Objects now: 6037.
Total: 7.315200 ms (FindLiveObjects: 0.679400 ms CreateObjectMapping: 0.569800 ms MarkObjects: 5.617600 ms  DeleteObjects: 0.446400 ms)

AssetImportParameters requested are different than current active one (requested -> active):
  custom:framework-win-MediaFoundation: 216162199b28c13a410421893ffa2e32 -> 
  custom:video-decoder-ogg-theora: a1e56fd34408186e4bbccfd4996cb3dc -> 
  custom:container-muxer-webm: aa71ff27fc2769a1b78a27578f13a17b -> 
  custom:container-demuxer-webm: 4f35f7cbe854078d1ac9338744f61a02 -> 
  custom:container-demuxer-ogg: 62fdf1f143b41e24485cea50d1cbac27 -> 
  custom:video-encoder-webm-vp8: eb34c28f22e8b96e1ab97ce403110664 -> 
  custom:video-codec-MediaFoundation-h265: 746d11721c4dcdbdad8f713fa42b33f4 -> 
  custom:video-decoder-webm-vp8: 9c59270c3fd7afecdb556c50c9e8de78 -> 
  custom:graphics/normal-map-encoding: 01000000000000000000000000000000 -> 02000000000000000000000000000000
  custom:audio-decoder-ogg-vorbis: bf7c407c2cedff20999df2af8eb42d56 -> 
  custom:audio-encoder-webm-vorbis: bf7c407c2cedff20999df2af8eb42d56 -> 
========================================================================
Received Prepare
Shader 'Oculus/OVRMRCameraFrameLit': fallback shader 'Alpha-Diffuse' not found
Refreshing native plugins compatible for Editor in 40.48 ms, found 13 plugins.
Preloading 1 native plugins for Editor in 0.12 ms.
Unloading 54 Unused Serialized files (Serialized files now loaded: 0)
System memory in use before: 118.1 MB.
System memory in use after: 118.5 MB.

Unloading 54 unused Assets to reduce memory usage. Loaded Objects now: 6037.
Total: 6.062100 ms (FindLiveObjects: 0.506000 ms CreateObjectMapping: 0.441500 ms MarkObjects: 5.054600 ms  DeleteObjects: 0.058500 ms)

AssetImportParameters requested are different than current active one (requested -> active):
  custom:framework-win-MediaFoundation: 216162199b28c13a410421893ffa2e32 -> 
  custom:video-decoder-ogg-theora: a1e56fd34408186e4bbccfd4996cb3dc -> 
  custom:container-muxer-webm: aa71ff27fc2769a1b78a27578f13a17b -> 
  custom:container-demuxer-webm: 4f35f7cbe854078d1ac9338744f61a02 -> 
  custom:container-demuxer-ogg: 62fdf1f143b41e24485cea50d1cbac27 -> 
  custom:video-encoder-webm-vp8: eb34c28f22e8b96e1ab97ce403110664 -> 
  custom:video-codec-MediaFoundation-h265: 746d11721c4dcdbdad8f713fa42b33f4 -> 
  custom:video-decoder-webm-vp8: 9c59270c3fd7afecdb556c50c9e8de78 -> 
  custom:audio-decoder-ogg-vorbis: bf7c407c2cedff20999df2af8eb42d56 -> 
  custom:audio-encoder-webm-vorbis: bf7c407c2cedff20999df2af8eb42d56 -> 
========================================================================
Received Prepare
Shader 'Oculus/OVRMRCameraFrameLit': fallback shader 'Alpha-Diffuse' not found
Refreshing native plugins compatible for Editor in 41.44 ms, found 13 plugins.
Preloading 1 native plugins for Editor in 0.13 ms.
Unloading 54 Unused Serialized files (Serialized files now loaded: 0)
System memory in use before: 118.1 MB.
System memory in use after: 118.5 MB.

Unloading 54 unused Assets to reduce memory usage. Loaded Objects now: 6037.
Total: 10.618200 ms (FindLiveObjects: 1.373800 ms CreateObjectMapping: 0.882100 ms MarkObjects: 8.303300 ms  DeleteObjects: 0.056300 ms)

AssetImportParameters requested are different than current active one (requested -> active):
  custom:framework-win-MediaFoundation: 216162199b28c13a410421893ffa2e32 -> 
  custom:video-decoder-ogg-theora: a1e56fd34408186e4bbccfd4996cb3dc -> 
  custom:container-muxer-webm: aa71ff27fc2769a1b78a27578f13a17b -> 
  custom:container-demuxer-webm: 4f35f7cbe854078d1ac9338744f61a02 -> 
  custom:container-demuxer-ogg: 62fdf1f143b41e24485cea50d1cbac27 -> 
  custom:video-encoder-webm-vp8: eb34c28f22e8b96e1ab97ce403110664 -> 
  custom:video-codec-MediaFoundation-h265: 746d11721c4dcdbdad8f713fa42b33f4 -> 
  custom:video-decoder-webm-vp8: 9c59270c3fd7afecdb556c50c9e8de78 -> 
  custom:audio-decoder-ogg-vorbis: bf7c407c2cedff20999df2af8eb42d56 -> 
  custom:audio-encoder-webm-vorbis: bf7c407c2cedff20999df2af8eb42d56 -> 
========================================================================
Received Prepare
Registering precompiled user dll's ...
Registered in 3.204163 seconds.
Begin MonoManager ReloadAssembly
Native extension for WindowsStandalone target not found
Refreshing native plugins compatible for Editor in 1.72 ms, found 13 plugins.
Preloading 1 native plugins for Editor in 0.18 ms.
Added DLL directory D:\documents\AYMVR\Library\PackageCache\com.microsoft.mixedreality.input@6ba73feb8bf6-1643300484524\Plugins\Windows\x64 to the user search path.
UnityEngine.StackTraceUtility:ExtractStackTrace ()
UnityEngine.DebugLogHandler:LogFormat (UnityEngine.LogType,UnityEngine.Object,string,object[])
UnityEngine.Logger:Log (UnityEngine.LogType,object)
UnityEngine.Debug:Log (object)
Microsoft.MixedReality.Input.Init:.cctor () (at D:/documents/AYM/AYM/Library/PackageCache/com.microsoft.mixedreality.input@e46b77e60ba2-1643300484524/Editor/Microsoft.MixedReality.Input.Init.cs:88)
System.Runtime.CompilerServices.RuntimeHelpers:RunClassConstructor (System.RuntimeTypeHandle)
UnityEditor.EditorAssemblies:ProcessInitializeOnLoadAttributes (System.Type[])

(Filename: D:/documents/AYM/AYM/Library/PackageCache/com.microsoft.mixedreality.input@e46b77e60ba2-1643300484524/Editor/Microsoft.MixedReality.Input.Init.cs Line: 88)

Error when attempting to update scene info fields. Scene info data may be stale.
UnityEngine.StackTraceUtility:ExtractStackTrace ()
UnityEngine.DebugLogHandler:LogFormat (UnityEngine.LogType,UnityEngine.Object,string,object[])
UnityEngine.Logger:Log (UnityEngine.LogType,object)
UnityEngine.Debug:LogWarning (object)
Microsoft.MixedReality.Toolkit.Editor.SceneInfoUtils:RefreshSceneInfoFieldsInScriptableObjects () (at D:/documents/AYM/AYM/Library/PackageCache/com.microsoft.mixedreality.toolkit.foundation@f884801a1c24-1643300487971/Core/Inspectors/PropertyDrawers/SceneInfoUtils.cs:313)
Microsoft.MixedReality.Toolkit.Editor.SceneInfoUtils:InitializeOnLoad () (at D:/documents/AYM/AYM/Library/PackageCache/com.microsoft.mixedreality.toolkit.foundation@f884801a1c24-1643300487971/Core/Inspectors/PropertyDrawers/SceneInfoUtils.cs:231)
System.Reflection.MonoMethod:Invoke (object,System.Reflection.BindingFlags,System.Reflection.Binder,object[],System.Globalization.CultureInfo)
System.Reflection.MethodBase:Invoke (object,object[])
UnityEditor.EditorAssemblies:ProcessInitializeOnLoadMethodAttributes ()

(Filename: D:/documents/AYM/AYM/Library/PackageCache/com.microsoft.mixedreality.toolkit.foundation@f884801a1c24-1643300487971/Core/Inspectors/PropertyDrawers/SceneInfoUtils.cs Line: 313)

[XR] [MROpenXR][Info   ][00:56:43.920475][tid:46d4] MicrosoftOpenXRPlugin_SetPluginEnvironment unityVersion=2020.3.25f1
[XR] [MROpenXR][Info   ][00:56:43.921532][tid:46d4] MicrosoftOpenXRPlugin_SetPluginEnvironment openXRPluginVersion=1.3.1
[XR] [MROpenXR][Info   ][00:56:43.921642][tid:46d4] MicrosoftOpenXRPlugin_SetPluginEnvironment mrOpenXRPluginVersion=1.2.1.0
[XR] [MROpenXR][Info   ][00:56:43.921777][tid:46d4] OnPluginStarted UnityVersion=2020.3.25f1 OpenXRPluginVersion=1.3.1 MROpenXRPluginVersion=1.2.1.0 PartA_PrivTags=33554432
Mono: successfully reloaded assembly
- Completed reload, in  9.221 seconds
Domain Reload Profiling:
	ReloadAssembly (9223ms)
		BeginReloadAssembly (414ms)
			ExecutionOrderSort (0ms)
			DisableScriptedObjects (19ms)
			BackupInstance (0ms)
			ReleaseScriptingObjects (0ms)
			CreateAndSetChildDomain (226ms)
		EndReloadAssembly (8663ms)
			LoadAssemblies (249ms)
			RebuildTransferFunctionScriptingTraits (0ms)
			SetupTypeCache (631ms)
			ReleaseScriptCaches (2ms)
			RebuildScriptCaches (85ms)
			SetupLoadedEditorAssemblies (6198ms)
				LogAssemblyErrors (0ms)
				InitializePlatformSupportModulesInManaged (6ms)
				SetLoadedEditorAssemblies (1ms)
				RefreshPlugins (2ms)
				BeforeProcessingInitializeOnLoad (268ms)
				ProcessInitializeOnLoadAttributes (2238ms)
				ProcessInitializeOnLoadMethodAttributes (3659ms)
				AfterProcessingInitializeOnLoad (24ms)
				EditorAssembliesLoaded (1ms)
			ExecutionOrderSort2 (0ms)
			AwakeInstancesAfterBackupRestoration (28ms)
Platform modules already initialized, skipping
Switching build target platform(19) subTarget(0) extendedPlatform(0) -> platform(13) subTarget(524288) extendedPlatform(0)
Shader 'Oculus/OVRMRCameraFrameLit': fallback shader 'Alpha-Diffuse' not found
Refreshing native plugins compatible for Editor in 1.98 ms, found 13 plugins.
Preloading 1 native plugins for Editor in 0.18 ms.
Unloading 5472 Unused Serialized files (Serialized files now loaded: 0)
System memory in use before: 234.5 MB.
System memory in use after: 234.6 MB.

Unloading 359 unused Assets to reduce memory usage. Loaded Objects now: 6040.
Total: 9.689800 ms (FindLiveObjects: 0.661200 ms CreateObjectMapping: 0.850400 ms MarkObjects: 7.635900 ms  DeleteObjects: 0.539800 ms)

AssetImportParameters requested are different than current active one (requested -> active):
  custom:framework-win-MediaFoundation: 216162199b28c13a410421893ffa2e32 -> 
  custom:video-decoder-ogg-theora: a1e56fd34408186e4bbccfd4996cb3dc -> 
  custom:container-muxer-webm: aa71ff27fc2769a1b78a27578f13a17b -> 
  custom:container-demuxer-webm: 4f35f7cbe854078d1ac9338744f61a02 -> 
  custom:container-demuxer-ogg: 62fdf1f143b41e24485cea50d1cbac27 -> 
  custom:video-encoder-webm-vp8: eb34c28f22e8b96e1ab97ce403110664 -> 
  custom:video-codec-MediaFoundation-h265: 746d11721c4dcdbdad8f713fa42b33f4 -> 
  custom:video-decoder-webm-vp8: 9c59270c3fd7afecdb556c50c9e8de78 -> 
  custom:graphics/normal-map-encoding: 01000000000000000000000000000000 -> 02000000000000000000000000000000
  custom:audio-decoder-ogg-vorbis: bf7c407c2cedff20999df2af8eb42d56 -> 
  custom:audio-encoder-webm-vorbis: bf7c407c2cedff20999df2af8eb42d56 -> 
========================================================================
Received Prepare
Shader 'Oculus/OVRMRCameraFrameLit': fallback shader 'Alpha-Diffuse' not found
Refreshing native plugins compatible for Editor in 42.65 ms, found 13 plugins.
Preloading 1 native plugins for Editor in 0.18 ms.
Unloading 54 Unused Serialized files (Serialized files now loaded: 0)
System memory in use before: 118.3 MB.
System memory in use after: 118.7 MB.

Unloading 54 unused Assets to reduce memory usage. Loaded Objects now: 6040.
Total: 8.548000 ms (FindLiveObjects: 1.500200 ms CreateObjectMapping: 0.603000 ms MarkObjects: 6.396400 ms  DeleteObjects: 0.046600 ms)

AssetImportParameters requested are different than current active one (requested -> active):
  custom:framework-win-MediaFoundation: 216162199b28c13a410421893ffa2e32 -> 
  custom:video-decoder-ogg-theora: a1e56fd34408186e4bbccfd4996cb3dc -> 
  custom:container-muxer-webm: aa71ff27fc2769a1b78a27578f13a17b -> 
  custom:container-demuxer-webm: 4f35f7cbe854078d1ac9338744f61a02 -> 
  custom:container-demuxer-ogg: 62fdf1f143b41e24485cea50d1cbac27 -> 
  custom:video-encoder-webm-vp8: eb34c28f22e8b96e1ab97ce403110664 -> 
  custom:video-codec-MediaFoundation-h265: 746d11721c4dcdbdad8f713fa42b33f4 -> 
  custom:video-decoder-webm-vp8: 9c59270c3fd7afecdb556c50c9e8de78 -> 
  custom:audio-decoder-ogg-vorbis: bf7c407c2cedff20999df2af8eb42d56 -> 
  custom:audio-encoder-webm-vorbis: bf7c407c2cedff20999df2af8eb42d56 -> 
========================================================================
Received Prepare
Registering precompiled user dll's ...
Registered in 3.894000 seconds.
Begin MonoManager ReloadAssembly
Native extension for WindowsStandalone target not found
Refreshing native plugins compatible for Editor in 2.03 ms, found 13 plugins.
Preloading 1 native plugins for Editor in 0.17 ms.
Added DLL directory D:\documents\AYMVR\Library\PackageCache\com.microsoft.mixedreality.input@6ba73feb8bf6-1643300484524\Plugins\Windows\x64 to the user search path.
UnityEngine.StackTraceUtility:ExtractStackTrace ()
UnityEngine.DebugLogHandler:LogFormat (UnityEngine.LogType,UnityEngine.Object,string,object[])
UnityEngine.Logger:Log (UnityEngine.LogType,object)
UnityEngine.Debug:Log (object)
Microsoft.MixedReality.Input.Init:.cctor () (at D:/documents/AYM/AYM/Library/PackageCache/com.microsoft.mixedreality.input@e46b77e60ba2-1643300484524/Editor/Microsoft.MixedReality.Input.Init.cs:88)
System.Runtime.CompilerServices.RuntimeHelpers:RunClassConstructor (System.RuntimeTypeHandle)
UnityEditor.EditorAssemblies:ProcessInitializeOnLoadAttributes (System.Type[])

(Filename: D:/documents/AYM/AYM/Library/PackageCache/com.microsoft.mixedreality.input@e46b77e60ba2-1643300484524/Editor/Microsoft.MixedReality.Input.Init.cs Line: 88)

Error when attempting to update scene info fields. Scene info data may be stale.
UnityEngine.StackTraceUtility:ExtractStackTrace ()
UnityEngine.DebugLogHandler:LogFormat (UnityEngine.LogType,UnityEngine.Object,string,object[])
UnityEngine.Logger:Log (UnityEngine.LogType,object)
UnityEngine.Debug:LogWarning (object)
Microsoft.MixedReality.Toolkit.Editor.SceneInfoUtils:RefreshSceneInfoFieldsInScriptableObjects () (at D:/documents/AYM/AYM/Library/PackageCache/com.microsoft.mixedreality.toolkit.foundation@f884801a1c24-1643300487971/Core/Inspectors/PropertyDrawers/SceneInfoUtils.cs:313)
Microsoft.MixedReality.Toolkit.Editor.SceneInfoUtils:InitializeOnLoad () (at D:/documents/AYM/AYM/Library/PackageCache/com.microsoft.mixedreality.toolkit.foundation@f884801a1c24-1643300487971/Core/Inspectors/PropertyDrawers/SceneInfoUtils.cs:231)
System.Reflection.MonoMethod:Invoke (object,System.Reflection.BindingFlags,System.Reflection.Binder,object[],System.Globalization.CultureInfo)
System.Reflection.MethodBase:Invoke (object,object[])
UnityEditor.EditorAssemblies:ProcessInitializeOnLoadMethodAttributes ()

(Filename: D:/documents/AYM/AYM/Library/PackageCache/com.microsoft.mixedreality.toolkit.foundation@f884801a1c24-1643300487971/Core/Inspectors/PropertyDrawers/SceneInfoUtils.cs Line: 313)

[XR] [MROpenXR][Info   ][01:23:56.670890][tid:46d4] MicrosoftOpenXRPlugin_SetPluginEnvironment unityVersion=2020.3.25f1
[XR] [MROpenXR][Info   ][01:23:56.671666][tid:46d4] MicrosoftOpenXRPlugin_SetPluginEnvironment openXRPluginVersion=1.3.1
[XR] [MROpenXR][Info   ][01:23:56.671745][tid:46d4] MicrosoftOpenXRPlugin_SetPluginEnvironment mrOpenXRPluginVersion=1.2.1.0
[XR] [MROpenXR][Info   ][01:23:56.671840][tid:46d4] OnPluginStarted UnityVersion=2020.3.25f1 OpenXRPluginVersion=1.3.1 MROpenXRPluginVersion=1.2.1.0 PartA_PrivTags=33554432
Mono: successfully reloaded assembly
- Completed reload, in 17.320 seconds
Domain Reload Profiling:
	ReloadAssembly (17754ms)
		BeginReloadAssembly (5406ms)
			ExecutionOrderSort (0ms)
			DisableScriptedObjects (1755ms)
			BackupInstance (0ms)
			ReleaseScriptingObjects (0ms)
			CreateAndSetChildDomain (1496ms)
		EndReloadAssembly (11708ms)
			LoadAssemblies (1736ms)
			RebuildTransferFunctionScriptingTraits (0ms)
			SetupTypeCache (1148ms)
			ReleaseScriptCaches (2ms)
			RebuildScriptCaches (85ms)
			SetupLoadedEditorAssemblies (7301ms)
				LogAssemblyErrors (0ms)
				InitializePlatformSupportModulesInManaged (5ms)
				SetLoadedEditorAssemblies (1ms)
				RefreshPlugins (2ms)
				BeforeProcessingInitializeOnLoad (255ms)
				ProcessInitializeOnLoadAttributes (2196ms)
				ProcessInitializeOnLoadMethodAttributes (4818ms)
				AfterProcessingInitializeOnLoad (22ms)
				EditorAssembliesLoaded (0ms)
			ExecutionOrderSort2 (0ms)
			AwakeInstancesAfterBackupRestoration (26ms)
Platform modules already initialized, skipping
Switching build target platform(19) subTarget(0) extendedPlatform(0) -> platform(13) subTarget(524288) extendedPlatform(0)
Shader 'Oculus/OVRMRCameraFrameLit': fallback shader 'Alpha-Diffuse' not found
Refreshing native plugins compatible for Editor in 3.00 ms, found 13 plugins.
Preloading 1 native plugins for Editor in 0.21 ms.
Unloading 5472 Unused Serialized files (Serialized files now loaded: 0)
System memory in use before: 234.5 MB.
System memory in use after: 234.6 MB.

Unloading 359 unused Assets to reduce memory usage. Loaded Objects now: 6043.
Total: 9.304400 ms (FindLiveObjects: 0.525700 ms CreateObjectMapping: 0.347400 ms MarkObjects: 7.735200 ms  DeleteObjects: 0.694000 ms)

AssetImportParameters requested are different than current active one (requested -> active):
  custom:framework-win-MediaFoundation: 216162199b28c13a410421893ffa2e32 -> 
  custom:video-decoder-ogg-theora: a1e56fd34408186e4bbccfd4996cb3dc -> 
  custom:container-muxer-webm: aa71ff27fc2769a1b78a27578f13a17b -> 
  custom:container-demuxer-webm: 4f35f7cbe854078d1ac9338744f61a02 -> 
  custom:container-demuxer-ogg: 62fdf1f143b41e24485cea50d1cbac27 -> 
  custom:video-encoder-webm-vp8: eb34c28f22e8b96e1ab97ce403110664 -> 
  custom:video-codec-MediaFoundation-h265: 746d11721c4dcdbdad8f713fa42b33f4 -> 
  custom:video-decoder-webm-vp8: 9c59270c3fd7afecdb556c50c9e8de78 -> 
  custom:graphics/normal-map-encoding: 01000000000000000000000000000000 -> 02000000000000000000000000000000
  custom:audio-decoder-ogg-vorbis: bf7c407c2cedff20999df2af8eb42d56 -> 
  custom:audio-encoder-webm-vorbis: bf7c407c2cedff20999df2af8eb42d56 -> 
AssetImportWorkerClient::OnTransportError - code=2 error=End of file
